This is pdfTeX, Version 3.14159265-2.6-1.40.20 (TeX Live 2019) (preloaded format=pdflatex 2020.1.9)  24 OCT 2024 17:58
entering extended mode
 restricted \write18 enabled.
 file:line:error style messages enabled.
 %&-line parsing enabled.
**COCO_Neurips24-cameraready.tex
(./COCO_Neurips24-cameraready.tex
LaTeX2e <2018-12-01>
(/usr/local/texlive/2019/texmf-dist/tex/latex/base/article.cls
Document Class: article 2018/09/03 v1.4i Standard LaTeX document class
(/usr/local/texlive/2019/texmf-dist/tex/latex/base/size10.clo
File: size10.clo 2018/09/03 v1.4i Standard LaTeX file (size option)
)
\c@part=\count80
\c@section=\count81
\c@subsection=\count82
\c@subsubsection=\count83
\c@paragraph=\count84
\c@subparagraph=\count85
\c@figure=\count86
\c@table=\count87
\abovecaptionskip=\skip41
\belowcaptionskip=\skip42
\bibindent=\dimen102
)
(./neurips_2024.sty
Package: neurips_2024 2024/03/31 NeurIPS 2024 submission/camera-ready style fil
e

(/usr/local/texlive/2019/texmf-dist/tex/latex/environ/environ.sty
Package: environ 2014/05/04 v0.3 A new way to define environments

(/usr/local/texlive/2019/texmf-dist/tex/latex/trimspaces/trimspaces.sty
Package: trimspaces 2009/09/17 v1.1 Trim spaces around a token list
)
\@envbody=\toks14
)
(/usr/local/texlive/2019/texmf-dist/tex/latex/natbib/natbib.sty
Package: natbib 2010/09/13 8.31b (PWD, AO)
\bibhang=\skip43
\bibsep=\skip44
LaTeX Info: Redefining \cite on input line 694.
\c@NAT@ctr=\count88
)
(/usr/local/texlive/2019/texmf-dist/tex/latex/geometry/geometry.sty
Package: geometry 2018/04/16 v5.8 Page Geometry

(/usr/local/texlive/2019/texmf-dist/tex/latex/graphics/keyval.sty
Package: keyval 2014/10/28 v1.15 key=value parser (DPC)
\KV@toks@=\toks15
)
(/usr/local/texlive/2019/texmf-dist/tex/generic/oberdiek/ifpdf.sty
Package: ifpdf 2018/09/07 v3.3 Provides the ifpdf switch
)
(/usr/local/texlive/2019/texmf-dist/tex/generic/oberdiek/ifvtex.sty
Package: ifvtex 2016/05/16 v1.6 Detect VTeX and its facilities (HO)
Package ifvtex Info: VTeX not detected.
)
(/usr/local/texlive/2019/texmf-dist/tex/generic/ifxetex/ifxetex.sty
Package: ifxetex 2010/09/12 v0.6 Provides ifxetex conditional
)
\Gm@cnth=\count89
\Gm@cntv=\count90
\c@Gm@tempcnt=\count91
\Gm@bindingoffset=\dimen103
\Gm@wd@mp=\dimen104
\Gm@odd@mp=\dimen105
\Gm@even@mp=\dimen106
\Gm@layoutwidth=\dimen107
\Gm@layoutheight=\dimen108
\Gm@layouthoffset=\dimen109
\Gm@layoutvoffset=\dimen110
\Gm@dimlist=\toks16
)
\@neuripsabovecaptionskip=\skip45
\@neuripsbelowcaptionskip=\skip46
)
(/usr/local/texlive/2019/texmf-dist/tex/latex/base/inputenc.sty
Package: inputenc 2018/08/11 v1.3c Input encoding file
\inpenc@prehook=\toks17
\inpenc@posthook=\toks18
)
(/usr/local/texlive/2019/texmf-dist/tex/latex/base/fontenc.sty
Package: fontenc 2018/08/11 v2.0j Standard LaTeX package

(/usr/local/texlive/2019/texmf-dist/tex/latex/base/t1enc.def
File: t1enc.def 2018/08/11 v2.0j Standard LaTeX file
LaTeX Font Info:    Redeclaring font encoding T1 on input line 48.
))
(/usr/local/texlive/2019/texmf-dist/tex/latex/hyperref/hyperref.sty
Package: hyperref 2018/11/30 v6.88e Hypertext links for LaTeX

(/usr/local/texlive/2019/texmf-dist/tex/generic/oberdiek/hobsub-hyperref.sty
Package: hobsub-hyperref 2016/05/16 v1.14 Bundle oberdiek, subset hyperref (HO)


(/usr/local/texlive/2019/texmf-dist/tex/generic/oberdiek/hobsub-generic.sty
Package: hobsub-generic 2016/05/16 v1.14 Bundle oberdiek, subset generic (HO)
Package: hobsub 2016/05/16 v1.14 Construct package bundles (HO)
Package: infwarerr 2016/05/16 v1.4 Providing info/warning/error messages (HO)
Package: ltxcmds 2016/05/16 v1.23 LaTeX kernel commands for general use (HO)
Package: ifluatex 2016/05/16 v1.4 Provides the ifluatex switch (HO)
Package ifluatex Info: LuaTeX not detected.
Package hobsub Info: Skipping package `ifvtex' (already loaded).
Package: intcalc 2016/05/16 v1.2 Expandable calculations with integers (HO)
Package hobsub Info: Skipping package `ifpdf' (already loaded).
Package: etexcmds 2016/05/16 v1.6 Avoid name clashes with e-TeX commands (HO)
Package: kvsetkeys 2016/05/16 v1.17 Key value parser (HO)
Package: kvdefinekeys 2016/05/16 v1.4 Define keys (HO)
Package: pdftexcmds 2018/09/10 v0.29 Utility functions of pdfTeX for LuaTeX (HO
)
Package pdftexcmds Info: LuaTeX not detected.
Package pdftexcmds Info: \pdf@primitive is available.
Package pdftexcmds Info: \pdf@ifprimitive is available.
Package pdftexcmds Info: \pdfdraftmode found.
Package: pdfescape 2016/05/16 v1.14 Implements pdfTeX's escape features (HO)
Package: bigintcalc 2016/05/16 v1.4 Expandable calculations on big integers (HO
)
Package: bitset 2016/05/16 v1.2 Handle bit-vector datatype (HO)
Package: uniquecounter 2016/05/16 v1.3 Provide unlimited unique counter (HO)
)
Package hobsub Info: Skipping package `hobsub' (already loaded).
Package: letltxmacro 2016/05/16 v1.5 Let assignment for LaTeX macros (HO)
Package: hopatch 2016/05/16 v1.3 Wrapper for package hooks (HO)
Package: xcolor-patch 2016/05/16 xcolor patch
Package: atveryend 2016/05/16 v1.9 Hooks at the very end of document (HO)
Package atveryend Info: \enddocument detected (standard20110627).
Package: atbegshi 2016/06/09 v1.18 At begin shipout hook (HO)
Package: refcount 2016/05/16 v3.5 Data extraction from label references (HO)
Package: hycolor 2016/05/16 v1.8 Color options for hyperref/bookmark (HO)
)
(/usr/local/texlive/2019/texmf-dist/tex/latex/oberdiek/auxhook.sty
Package: auxhook 2016/05/16 v1.4 Hooks for auxiliary files (HO)
)
(/usr/local/texlive/2019/texmf-dist/tex/latex/oberdiek/kvoptions.sty
Package: kvoptions 2016/05/16 v3.12 Key value format for package options (HO)
)
\@linkdim=\dimen111
\Hy@linkcounter=\count92
\Hy@pagecounter=\count93

(/usr/local/texlive/2019/texmf-dist/tex/latex/hyperref/pd1enc.def
File: pd1enc.def 2018/11/30 v6.88e Hyperref: PDFDocEncoding definition (HO)
Now handling font encoding PD1 ...
... no UTF-8 mapping file for font encoding PD1
)
\Hy@SavedSpaceFactor=\count94

(/usr/local/texlive/2019/texmf-dist/tex/latex/latexconfig/hyperref.cfg
File: hyperref.cfg 2002/06/06 v1.2 hyperref configuration of TeXLive
)
Package hyperref Info: Hyper figures OFF on input line 4519.
Package hyperref Info: Link nesting OFF on input line 4524.
Package hyperref Info: Hyper index ON on input line 4527.
Package hyperref Info: Plain pages OFF on input line 4534.
Package hyperref Info: Backreferencing OFF on input line 4539.
Package hyperref Info: Implicit mode ON; LaTeX internals redefined.
Package hyperref Info: Bookmarks ON on input line 4772.
\c@Hy@tempcnt=\count95

(/usr/local/texlive/2019/texmf-dist/tex/latex/url/url.sty
\Urlmuskip=\muskip10
Package: url 2013/09/16  ver 3.4  Verb mode for urls, etc.
)
LaTeX Info: Redefining \url on input line 5125.
\XeTeXLinkMargin=\dimen112
\Fld@menulength=\count96
\Field@Width=\dimen113
\Fld@charsize=\dimen114
Package hyperref Info: Hyper figures OFF on input line 6380.
Package hyperref Info: Link nesting OFF on input line 6385.
Package hyperref Info: Hyper index ON on input line 6388.
Package hyperref Info: backreferencing OFF on input line 6395.
Package hyperref Info: Link coloring OFF on input line 6400.
Package hyperref Info: Link coloring with OCG OFF on input line 6405.
Package hyperref Info: PDF/A mode OFF on input line 6410.
LaTeX Info: Redefining \ref on input line 6450.
LaTeX Info: Redefining \pageref on input line 6454.
\Hy@abspage=\count97
\c@Item=\count98
\c@Hfootnote=\count99
)
Package hyperref Info: Driver (autodetected): hpdftex.

(/usr/local/texlive/2019/texmf-dist/tex/latex/hyperref/hpdftex.def
File: hpdftex.def 2018/11/30 v6.88e Hyperref driver for pdfTeX
\Fld@listcount=\count100
\c@bookmark@seq@number=\count101

(/usr/local/texlive/2019/texmf-dist/tex/latex/oberdiek/rerunfilecheck.sty
Package: rerunfilecheck 2016/05/16 v1.8 Rerun checks for auxiliary files (HO)
Package uniquecounter Info: New unique counter `rerunfilecheck' on input line 2
82.
)
\Hy@SectionHShift=\skip47
)
(/usr/local/texlive/2019/texmf-dist/tex/latex/booktabs/booktabs.sty
Package: booktabs 2016/04/27 v1.618033 publication quality tables
\heavyrulewidth=\dimen115
\lightrulewidth=\dimen116
\cmidrulewidth=\dimen117
\belowrulesep=\dimen118
\belowbottomsep=\dimen119
\aboverulesep=\dimen120
\abovetopsep=\dimen121
\cmidrulesep=\dimen122
\cmidrulekern=\dimen123
\defaultaddspace=\dimen124
\@cmidla=\count102
\@cmidlb=\count103
\@aboverulesep=\dimen125
\@belowrulesep=\dimen126
\@thisruleclass=\count104
\@lastruleclass=\count105
\@thisrulewidth=\dimen127
)
(/usr/local/texlive/2019/texmf-dist/tex/latex/amsfonts/amsfonts.sty
Package: amsfonts 2013/01/14 v3.01 Basic AMSFonts support
\@emptytoks=\toks19
\symAMSa=\mathgroup4
\symAMSb=\mathgroup5
LaTeX Font Info:    Overwriting math alphabet `\mathfrak' in version `bold'
(Font)                  U/euf/m/n --> U/euf/b/n on input line 106.
)
(/usr/local/texlive/2019/texmf-dist/tex/latex/units/nicefrac.sty
Package: nicefrac 1998/08/04 v0.9b Nice fractions
\L@UnitsRaiseDisplaystyle=\skip48
\L@UnitsRaiseTextstyle=\skip49
\L@UnitsRaiseScriptstyle=\skip50

(/usr/local/texlive/2019/texmf-dist/tex/latex/base/ifthen.sty
Package: ifthen 2014/09/29 v1.1c Standard LaTeX ifthen package (DPC)
))
(/usr/local/texlive/2019/texmf-dist/tex/latex/microtype/microtype.sty
Package: microtype 2019/02/28 v2.7b Micro-typographical refinements (RS)
\MT@toks=\toks20
\MT@count=\count106
LaTeX Info: Redefining \textls on input line 790.
\MT@outer@kern=\dimen128
LaTeX Info: Redefining \textmicrotypecontext on input line 1336.
\MT@listname@count=\count107

(/usr/local/texlive/2019/texmf-dist/tex/latex/microtype/microtype-pdftex.def
File: microtype-pdftex.def 2019/02/28 v2.7b Definitions specific to pdftex (RS)

LaTeX Info: Redefining \lsstyle on input line 914.
LaTeX Info: Redefining \lslig on input line 914.
\MT@outer@space=\skip51
)
Package microtype Info: Loading configuration file microtype.cfg.

(/usr/local/texlive/2019/texmf-dist/tex/latex/microtype/microtype.cfg
File: microtype.cfg 2019/02/28 v2.7b microtype main configuration file (RS)
))
(/usr/local/texlive/2019/texmf-dist/tex/latex/amsfonts/amssymb.sty
Package: amssymb 2013/01/14 v3.01 AMS font symbols
)
(/usr/local/texlive/2019/texmf-dist/tex/latex/amsmath/amsmath.sty
Package: amsmath 2018/12/01 v2.17b AMS math features
\@mathmargin=\skip52

For additional information on amsmath, use the `?' option.
(/usr/local/texlive/2019/texmf-dist/tex/latex/amsmath/amstext.sty
Package: amstext 2000/06/29 v2.01 AMS text

(/usr/local/texlive/2019/texmf-dist/tex/latex/amsmath/amsgen.sty
File: amsgen.sty 1999/11/30 v2.0 generic functions
\@emptytoks=\toks21
\ex@=\dimen129
))
(/usr/local/texlive/2019/texmf-dist/tex/latex/amsmath/amsbsy.sty
Package: amsbsy 1999/11/29 v1.2d Bold Symbols
\pmbraise@=\dimen130
)
(/usr/local/texlive/2019/texmf-dist/tex/latex/amsmath/amsopn.sty
Package: amsopn 2016/03/08 v2.02 operator names
)
\inf@bad=\count108
LaTeX Info: Redefining \frac on input line 223.
\uproot@=\count109
\leftroot@=\count110
LaTeX Info: Redefining \overline on input line 385.
\classnum@=\count111
\DOTSCASE@=\count112
LaTeX Info: Redefining \ldots on input line 482.
LaTeX Info: Redefining \dots on input line 485.
LaTeX Info: Redefining \cdots on input line 606.
\Mathstrutbox@=\box27
\strutbox@=\box28
\big@size=\dimen131
LaTeX Font Info:    Redeclaring font encoding OML on input line 729.
LaTeX Font Info:    Redeclaring font encoding OMS on input line 730.
\macc@depth=\count113
\c@MaxMatrixCols=\count114
\dotsspace@=\muskip11
\c@parentequation=\count115
\dspbrk@lvl=\count116
\tag@help=\toks22
\row@=\count117
\column@=\count118
\maxfields@=\count119
\andhelp@=\toks23
\eqnshift@=\dimen132
\alignsep@=\dimen133
\tagshift@=\dimen134
\tagwidth@=\dimen135
\totwidth@=\dimen136
\lineht@=\dimen137
\@envbody=\toks24
\multlinegap=\skip53
\multlinetaggap=\skip54
\mathdisplay@stack=\toks25
LaTeX Info: Redefining \[ on input line 2844.
LaTeX Info: Redefining \] on input line 2845.
)
(/usr/local/texlive/2019/texmf-dist/tex/latex/amscls/amsthm.sty
Package: amsthm 2017/10/31 v2.20.4
\thm@style=\toks26
\thm@bodyfont=\toks27
\thm@headfont=\toks28
\thm@notefont=\toks29
\thm@headpunct=\toks30
\thm@preskip=\skip55
\thm@postskip=\skip56
\thm@headsep=\skip57
\dth@everypar=\toks31
)
(/usr/local/texlive/2019/texmf-dist/tex/latex/cleveref/cleveref.sty
Package: cleveref 2018/03/27 v0.21.4 Intelligent cross-referencing
Package cleveref Info: `hyperref' support loaded on input line 2370.
LaTeX Info: Redefining \cref on input line 2370.
LaTeX Info: Redefining \Cref on input line 2370.
LaTeX Info: Redefining \crefrange on input line 2370.
LaTeX Info: Redefining \Crefrange on input line 2370.
LaTeX Info: Redefining \cpageref on input line 2370.
LaTeX Info: Redefining \Cpageref on input line 2370.
LaTeX Info: Redefining \cpagerefrange on input line 2370.
LaTeX Info: Redefining \Cpagerefrange on input line 2370.
LaTeX Info: Redefining \labelcref on input line 2370.
LaTeX Info: Redefining \labelcpageref on input line 2370.
Package cleveref Info: `amsthm' support loaded on input line 3026.
)
(/usr/local/texlive/2019/texmf-dist/tex/latex/autonum/autonum.sty
Package: autonum 2015/01/18 v0.3.11 Automatic numbering of equations

(/usr/local/texlive/2019/texmf-dist/tex/latex/etoolbox/etoolbox.sty
Package: etoolbox 2018/08/19 v2.5f e-TeX tools for LaTeX (JAW)
\etb@tempcnta=\count120
)
(/usr/local/texlive/2019/texmf-dist/tex/latex/etextools/etextools.sty
Package: etextools 2010/12/07 v3.1415926 e-TeX more useful tools for LaTeX pack
age writers

(/usr/local/texlive/2019/texmf-dist/tex/latex/etex-pkg/etex.sty
Package: etex 2016/08/01 v2.7 eTeX basic definition package (PEB,DPC)
\et@xins=\count121
)
\ettl@fter=\count122
\ettl@for@nested=\count277
)
(/usr/local/texlive/2019/texmf-dist/tex/latex/textpos/textpos.sty
Package: textpos 2019/04/15 v1.9.1

Package: textpos 2019/04/15 1.9.1, absolute positioning of text on the page
(/usr/local/texlive/2019/texmf-dist/tex/latex/ms/everyshi.sty
Package: everyshi 2001/05/15 v3.00 EveryShipout Package (MS)
)
\TP@textbox=\box29
\TP@holdbox=\box30
\TPHorizModule=\dimen138
\TPVertModule=\dimen139
\TP@margin=\dimen140
\TP@absmargin=\dimen141

Grid set 16 x 16 = 38.39343pt x 49.68562pt
\TPboxrulesize=\dimen142
\TP@ox=\dimen143
\TP@oy=\dimen144
\TP@tbargs=\toks32
\TP@prevdepth=\dimen145
TextBlockOrigin set to 0pt x 0pt
)
\c@autonum@counter=\count123
) (/usr/local/texlive/2019/texmf-dist/tex/latex/mnsymbol/MnSymbol.sty
Package: MnSymbol 2007/01/21 v1.4 support for the MnSymbol font

(/usr/local/texlive/2019/texmf-dist/tex/latex/base/textcomp.sty
Package: textcomp 2018/08/11 v2.0j Standard LaTeX package
Package textcomp Info: Sub-encoding information:
(textcomp)               5 = only ISO-Adobe without \textcurrency
(textcomp)               4 = 5 + \texteuro
(textcomp)               3 = 4 + \textohm
(textcomp)               2 = 3 + \textestimated + \textcurrency
(textcomp)               1 = TS1 - \textcircled - \t
(textcomp)               0 = TS1 (full)
(textcomp)             Font families with sub-encoding setting implement
(textcomp)             only a restricted character set as indicated.
(textcomp)             Family '?' is the default used for unknown fonts.
(textcomp)             See the documentation for details.
Package textcomp Info: Setting ? sub-encoding to TS1/1 on input line 79.

(/usr/local/texlive/2019/texmf-dist/tex/latex/base/ts1enc.def
File: ts1enc.def 2001/06/05 v3.0e (jk/car/fm) Standard LaTeX file
Now handling font encoding TS1 ...
... processing UTF-8 mapping file for font encoding TS1

(/usr/local/texlive/2019/texmf-dist/tex/latex/base/ts1enc.dfu
File: ts1enc.dfu 2018/10/05 v1.2f UTF-8 support for inputenc
   defining Unicode char U+00A2 (decimal 162)
   defining Unicode char U+00A3 (decimal 163)
   defining Unicode char U+00A4 (decimal 164)
   defining Unicode char U+00A5 (decimal 165)
   defining Unicode char U+00A6 (decimal 166)
   defining Unicode char U+00A7 (decimal 167)
   defining Unicode char U+00A8 (decimal 168)
   defining Unicode char U+00A9 (decimal 169)
   defining Unicode char U+00AA (decimal 170)
   defining Unicode char U+00AC (decimal 172)
   defining Unicode char U+00AE (decimal 174)
   defining Unicode char U+00AF (decimal 175)
   defining Unicode char U+00B0 (decimal 176)
   defining Unicode char U+00B1 (decimal 177)
   defining Unicode char U+00B2 (decimal 178)
   defining Unicode char U+00B3 (decimal 179)
   defining Unicode char U+00B4 (decimal 180)
   defining Unicode char U+00B5 (decimal 181)
   defining Unicode char U+00B6 (decimal 182)
   defining Unicode char U+00B7 (decimal 183)
   defining Unicode char U+00B9 (decimal 185)
   defining Unicode char U+00BA (decimal 186)
   defining Unicode char U+00BC (decimal 188)
   defining Unicode char U+00BD (decimal 189)
   defining Unicode char U+00BE (decimal 190)
   defining Unicode char U+00D7 (decimal 215)
   defining Unicode char U+00F7 (decimal 247)
   defining Unicode char U+0192 (decimal 402)
   defining Unicode char U+02C7 (decimal 711)
   defining Unicode char U+02D8 (decimal 728)
   defining Unicode char U+02DD (decimal 733)
   defining Unicode char U+0E3F (decimal 3647)
   defining Unicode char U+2016 (decimal 8214)
   defining Unicode char U+2020 (decimal 8224)
   defining Unicode char U+2021 (decimal 8225)
   defining Unicode char U+2022 (decimal 8226)
   defining Unicode char U+2030 (decimal 8240)
   defining Unicode char U+2031 (decimal 8241)
   defining Unicode char U+203B (decimal 8251)
   defining Unicode char U+203D (decimal 8253)
   defining Unicode char U+2044 (decimal 8260)
   defining Unicode char U+204E (decimal 8270)
   defining Unicode char U+2052 (decimal 8274)
   defining Unicode char U+20A1 (decimal 8353)
   defining Unicode char U+20A4 (decimal 8356)
   defining Unicode char U+20A6 (decimal 8358)
   defining Unicode char U+20A9 (decimal 8361)
   defining Unicode char U+20AB (decimal 8363)
   defining Unicode char U+20AC (decimal 8364)
   defining Unicode char U+20B1 (decimal 8369)
   defining Unicode char U+2103 (decimal 8451)
   defining Unicode char U+2116 (decimal 8470)
   defining Unicode char U+2117 (decimal 8471)
   defining Unicode char U+211E (decimal 8478)
   defining Unicode char U+2120 (decimal 8480)
   defining Unicode char U+2122 (decimal 8482)
   defining Unicode char U+2126 (decimal 8486)
   defining Unicode char U+2127 (decimal 8487)
   defining Unicode char U+212E (decimal 8494)
   defining Unicode char U+2190 (decimal 8592)
   defining Unicode char U+2191 (decimal 8593)
   defining Unicode char U+2192 (decimal 8594)
   defining Unicode char U+2193 (decimal 8595)
   defining Unicode char U+2329 (decimal 9001)
   defining Unicode char U+232A (decimal 9002)
   defining Unicode char U+2422 (decimal 9250)
   defining Unicode char U+25E6 (decimal 9702)
   defining Unicode char U+25EF (decimal 9711)
   defining Unicode char U+266A (decimal 9834)
   defining Unicode char U+FEFF (decimal 65279)
))
LaTeX Info: Redefining \oldstylenums on input line 334.
Package textcomp Info: Setting cmr sub-encoding to TS1/0 on input line 349.
Package textcomp Info: Setting cmss sub-encoding to TS1/0 on input line 350.
Package textcomp Info: Setting cmtt sub-encoding to TS1/0 on input line 351.
Package textcomp Info: Setting cmvtt sub-encoding to TS1/0 on input line 352.
Package textcomp Info: Setting cmbr sub-encoding to TS1/0 on input line 353.
Package textcomp Info: Setting cmtl sub-encoding to TS1/0 on input line 354.
Package textcomp Info: Setting ccr sub-encoding to TS1/0 on input line 355.
Package textcomp Info: Setting ptm sub-encoding to TS1/4 on input line 356.
Package textcomp Info: Setting pcr sub-encoding to TS1/4 on input line 357.
Package textcomp Info: Setting phv sub-encoding to TS1/4 on input line 358.
Package textcomp Info: Setting ppl sub-encoding to TS1/3 on input line 359.
Package textcomp Info: Setting pag sub-encoding to TS1/4 on input line 360.
Package textcomp Info: Setting pbk sub-encoding to TS1/4 on input line 361.
Package textcomp Info: Setting pnc sub-encoding to TS1/4 on input line 362.
Package textcomp Info: Setting pzc sub-encoding to TS1/4 on input line 363.
Package textcomp Info: Setting bch sub-encoding to TS1/4 on input line 364.
Package textcomp Info: Setting put sub-encoding to TS1/5 on input line 365.
Package textcomp Info: Setting uag sub-encoding to TS1/5 on input line 366.
Package textcomp Info: Setting ugq sub-encoding to TS1/5 on input line 367.
Package textcomp Info: Setting ul8 sub-encoding to TS1/4 on input line 368.
Package textcomp Info: Setting ul9 sub-encoding to TS1/4 on input line 369.
Package textcomp Info: Setting augie sub-encoding to TS1/5 on input line 370.
Package textcomp Info: Setting dayrom sub-encoding to TS1/3 on input line 371.
Package textcomp Info: Setting dayroms sub-encoding to TS1/3 on input line 372.

Package textcomp Info: Setting pxr sub-encoding to TS1/0 on input line 373.
Package textcomp Info: Setting pxss sub-encoding to TS1/0 on input line 374.
Package textcomp Info: Setting pxtt sub-encoding to TS1/0 on input line 375.
Package textcomp Info: Setting txr sub-encoding to TS1/0 on input line 376.
Package textcomp Info: Setting txss sub-encoding to TS1/0 on input line 377.
Package textcomp Info: Setting txtt sub-encoding to TS1/0 on input line 378.
Package textcomp Info: Setting lmr sub-encoding to TS1/0 on input line 379.
Package textcomp Info: Setting lmdh sub-encoding to TS1/0 on input line 380.
Package textcomp Info: Setting lmss sub-encoding to TS1/0 on input line 381.
Package textcomp Info: Setting lmssq sub-encoding to TS1/0 on input line 382.
Package textcomp Info: Setting lmvtt sub-encoding to TS1/0 on input line 383.
Package textcomp Info: Setting lmtt sub-encoding to TS1/0 on input line 384.
Package textcomp Info: Setting qhv sub-encoding to TS1/0 on input line 385.
Package textcomp Info: Setting qag sub-encoding to TS1/0 on input line 386.
Package textcomp Info: Setting qbk sub-encoding to TS1/0 on input line 387.
Package textcomp Info: Setting qcr sub-encoding to TS1/0 on input line 388.
Package textcomp Info: Setting qcs sub-encoding to TS1/0 on input line 389.
Package textcomp Info: Setting qpl sub-encoding to TS1/0 on input line 390.
Package textcomp Info: Setting qtm sub-encoding to TS1/0 on input line 391.
Package textcomp Info: Setting qzc sub-encoding to TS1/0 on input line 392.
Package textcomp Info: Setting qhvc sub-encoding to TS1/0 on input line 393.
Package textcomp Info: Setting futs sub-encoding to TS1/4 on input line 394.
Package textcomp Info: Setting futx sub-encoding to TS1/4 on input line 395.
Package textcomp Info: Setting futj sub-encoding to TS1/4 on input line 396.
Package textcomp Info: Setting hlh sub-encoding to TS1/3 on input line 397.
Package textcomp Info: Setting hls sub-encoding to TS1/3 on input line 398.
Package textcomp Info: Setting hlst sub-encoding to TS1/3 on input line 399.
Package textcomp Info: Setting hlct sub-encoding to TS1/5 on input line 400.
Package textcomp Info: Setting hlx sub-encoding to TS1/5 on input line 401.
Package textcomp Info: Setting hlce sub-encoding to TS1/5 on input line 402.
Package textcomp Info: Setting hlcn sub-encoding to TS1/5 on input line 403.
Package textcomp Info: Setting hlcw sub-encoding to TS1/5 on input line 404.
Package textcomp Info: Setting hlcf sub-encoding to TS1/5 on input line 405.
Package textcomp Info: Setting pplx sub-encoding to TS1/3 on input line 406.
Package textcomp Info: Setting pplj sub-encoding to TS1/3 on input line 407.
Package textcomp Info: Setting ptmx sub-encoding to TS1/4 on input line 408.
Package textcomp Info: Setting ptmj sub-encoding to TS1/4 on input line 409.
)
LaTeX Info: Redefining \dagger on input line 84.
LaTeX Info: Redefining \ddagger on input line 84.
LaTeX Info: Redefining \mathparagraph on input line 84.
LaTeX Info: Redefining \mathsection on input line 84.
LaTeX Info: Redefining \mathdollar on input line 84.
LaTeX Info: Redefining \mathsterling on input line 84.
LaTeX Info: Redefining \yen on input line 84.
LaTeX Info: Redefining \circledR on input line 84.
LaTeX Info: Redefining \circledS on input line 84.
LaTeX Info: Redefining \Re on input line 84.
LaTeX Info: Redefining \Im on input line 84.
LaTeX Info: Redefining \dotplus on input line 84.
LaTeX Info: Redefining \thicksim on input line 84.
LaTeX Info: Redefining \thickapprox on input line 84.
LaTeX Info: Redefining \veebar on input line 84.
LaTeX Info: Redefining \barwedge on input line 84.
LaTeX Info: Redefining \doublebarwedge on input line 84.
LaTeX Info: Redefining \centerdot on input line 84.
LaTeX Info: Redefining \divideontimes on input line 84.
\symMnSyA=\mathgroup6
\symMnSyB=\mathgroup7
\symMnSyC=\mathgroup8
\symMnSyD=\mathgroup9
LaTeX Font Info:    Redeclaring symbol font `largesymbols' on input line 119.
LaTeX Font Info:    Overwriting symbol font `largesymbols' in version `normal'
(Font)                  OMX/cmex/m/n --> OMX/MnSymbolE/m/n on input line 119.
LaTeX Font Info:    Overwriting symbol font `largesymbols' in version `bold'
(Font)                  OMX/cmex/m/n --> OMX/MnSymbolE/m/n on input line 119.
LaTeX Font Info:    Redeclaring symbol font `symbols' on input line 120.
LaTeX Font Info:    Encoding `OMS' has changed to `U' for symbol font
(Font)              `symbols' in the math version `normal' on input line 120.
LaTeX Font Info:    Overwriting symbol font `symbols' in version `normal'
(Font)                  OMS/cmsy/m/n --> U/MnSymbolF/m/n on input line 120.
LaTeX Font Info:    Encoding `OMS' has changed to `U' for symbol font
(Font)              `symbols' in the math version `bold' on input line 120.
LaTeX Font Info:    Overwriting symbol font `symbols' in version `bold'
(Font)                  OMS/cmsy/b/n --> U/MnSymbolF/m/n on input line 120.
LaTeX Font Info:    Overwriting symbol font `MnSyA' in version `bold'
(Font)                  U/MnSymbolA/m/n --> U/MnSymbolA/b/n on input line 121.
LaTeX Font Info:    Overwriting symbol font `MnSyB' in version `bold'
(Font)                  U/MnSymbolB/m/n --> U/MnSymbolB/b/n on input line 122.
LaTeX Font Info:    Overwriting symbol font `MnSyC' in version `bold'
(Font)                  U/MnSymbolC/m/n --> U/MnSymbolC/b/n on input line 123.
LaTeX Font Info:    Overwriting symbol font `MnSyD' in version `bold'
(Font)                  U/MnSymbolD/m/n --> U/MnSymbolD/b/n on input line 124.
LaTeX Font Info:    Overwriting symbol font `largesymbols' in version `bold'
(Font)                  OMX/MnSymbolE/m/n --> OMX/MnSymbolE/b/n on input line 1
25.
LaTeX Font Info:    Overwriting symbol font `symbols' in version `bold'
(Font)                  U/MnSymbolF/m/n --> U/MnSymbolF/b/n on input line 126.
LaTeX Font Info:    Redeclaring math alphabet \mathcal on input line 241.
LaTeX Font Info:    Overwriting math alphabet `\mathcal' in version `bold'
(Font)                  OMS/MnSymbolS/m/n --> OMS/MnSymbolS/b/n on input line 2
41.
LaTeX Info: Redefining \longrightarrow on input line 548.
LaTeX Info: Redefining \longleftarrow on input line 549.
LaTeX Info: Redefining \longleftrightarrow on input line 550.
LaTeX Info: Redefining \Longrightarrow on input line 551.
LaTeX Info: Redefining \Longleftarrow on input line 552.
LaTeX Info: Redefining \Longleftrightarrow on input line 553.
LaTeX Info: Redefining \longmapsto on input line 554.
LaTeX Info: Redefining \vdots on input line 868.
LaTeX Font Info:    Redeclaring math symbol \braceld on input line 1721.
LaTeX Font Info:    Redeclaring math symbol \bracelu on input line 1722.
LaTeX Font Info:    Redeclaring math symbol \bracerd on input line 1723.
LaTeX Font Info:    Redeclaring math symbol \braceru on input line 1724.
LaTeX Info: Redefining \downbracefill on input line 1799.
LaTeX Info: Redefining \upbracefill on input line 1800.
LaTeX Info: Redefining \overbrace on input line 1819.
LaTeX Info: Redefining \underbrace on input line 1820.
LaTeX Info: Redefining \surd on input line 1843.
LaTeX Font Info:    Redeclaring math accent \widehat on input line 1845.
LaTeX Font Info:    Redeclaring math accent \widetilde on input line 1846.
LaTeX Font Info:    Redeclaring math accent \vec on input line 1848.
)
(/usr/local/texlive/2019/texmf-dist/tex/latex/caption/caption.sty
Package: caption 2018/10/06 v3.3-154 Customizing captions (AR)

(/usr/local/texlive/2019/texmf-dist/tex/latex/caption/caption3.sty
Package: caption3 2018/09/12 v1.8c caption3 kernel (AR)
Package caption3 Info: TeX engine: e-TeX on input line 64.
\captionmargin=\dimen146
\captionmargin@=\dimen147
\captionwidth=\dimen148
\caption@tempdima=\dimen149
\caption@indent=\dimen150
\caption@parindent=\dimen151
\caption@hangindent=\dimen152
)
\c@caption@flags=\count124
\c@ContinuedFloat=\count125
Package caption Info: hyperref package is loaded.
)
(/usr/local/texlive/2019/texmf-dist/tex/latex/lettrine/lettrine.sty
File: lettrine.sty 2019-04-06 v2.22 (Daniel Flipo)

(/usr/local/texlive/2019/texmf-dist/tex/generic/minifp/minifp.sty
Package: minifp 2013/12/30 v0.96. Macros for real number operations and a stack
-based programing language.
\MFP@loopctr=\count126
)
\c@DefaultLines=\count127
\c@DefaultDepth=\count128
\DefaultFindent=\dimen153
\DefaultNindent=\dimen154
\DefaultSlope=\dimen155
\DiscardVskip=\dimen156
\L@lbox=\box31
\L@tbox=\box32
\c@L@lines=\count129
\c@L@depth=\count130
\L@Pindent=\dimen157
\L@Findent=\dimen158
\L@Nindent=\dimen159
\L@lraise=\dimen160
\L@first=\dimen161
\L@next=\dimen162
\L@slope=\dimen163
\L@height=\dimen164
\L@novskip=\dimen165
\L@target@ht=\dimen166
\L@target@dp=\dimen167
\L@target@tht=\dimen168
\LettrineWidth=\dimen169
\LettrineHeight=\dimen170
\LettrineDepth=\dimen171
\Llist@everypar=\toks33

Loading lettrine.cfg
(/usr/local/texlive/2019/texmf-dist/tex/latex/lettrine/lettrine.cfg))
(/usr/local/texlive/2019/texmf-dist/tex/latex/framed/framed.sty
Package: framed 2011/10/22 v 0.96: framed or shaded text with page breaks
\OuterFrameSep=\skip58
\fb@frw=\dimen172
\fb@frh=\dimen173
\FrameRule=\dimen174
\FrameSep=\dimen175
)
(/usr/local/texlive/2019/texmf-dist/tex/latex/graphics/color.sty
Package: color 2016/07/10 v1.1e Standard LaTeX Color (DPC)

(/usr/local/texlive/2019/texmf-dist/tex/latex/graphics-cfg/color.cfg
File: color.cfg 2016/01/02 v1.6 sample color configuration
)
Package color Info: Driver file: pdftex.def on input line 147.

(/usr/local/texlive/2019/texmf-dist/tex/latex/graphics-def/pdftex.def
File: pdftex.def 2018/01/08 v1.0l Graphics/color driver for pdftex
))
(/usr/local/texlive/2019/texmf-dist/tex/latex/algorithms/algorithm.sty
Package: algorithm 2009/08/24 v0.1 Document Style `algorithm' - floating enviro
nment

(/usr/local/texlive/2019/texmf-dist/tex/latex/float/float.sty
Package: float 2001/11/08 v1.3d Float enhancements (AL)
\c@float@type=\count131
\float@exts=\toks34
\float@box=\box33
\@float@everytoks=\toks35
\@floatcapt=\box34
)
\@float@every@algorithm=\toks36
\c@algorithm=\count132
)
(/usr/local/texlive/2019/texmf-dist/tex/latex/algorithmicx/algpseudocode.sty
Package: algpseudocode 

(/usr/local/texlive/2019/texmf-dist/tex/latex/algorithmicx/algorithmicx.sty
Package: algorithmicx 2005/04/27 v1.2 Algorithmicx

Document Style algorithmicx 1.2 - a greatly improved `algorithmic' style
\c@ALG@line=\count133
\c@ALG@rem=\count134
\c@ALG@nested=\count135
\ALG@tlm=\skip59
\ALG@thistlm=\skip60
\c@ALG@Lnr=\count136
\c@ALG@blocknr=\count137
\c@ALG@storecount=\count138
\c@ALG@tmpcounter=\count139
\ALG@tmplength=\skip61
)
Document Style - pseudocode environments for use with the `algorithmicx' style
) (/usr/local/texlive/2019/texmf-dist/tex/latex/overpic/overpic.sty
Package: overpic 2018/09/02 1.2 picture overlays (RN)

(/usr/local/texlive/2019/texmf-dist/tex/latex/graphics/graphicx.sty
Package: graphicx 2017/06/01 v1.1a Enhanced LaTeX Graphics (DPC,SPQR)

(/usr/local/texlive/2019/texmf-dist/tex/latex/graphics/graphics.sty
Package: graphics 2017/06/25 v1.2c Standard LaTeX Graphics (DPC,SPQR)

(/usr/local/texlive/2019/texmf-dist/tex/latex/graphics/trig.sty
Package: trig 2016/01/03 v1.10 sin cos tan (DPC)
)
(/usr/local/texlive/2019/texmf-dist/tex/latex/graphics-cfg/graphics.cfg
File: graphics.cfg 2016/06/04 v1.11 sample graphics configuration
)
Package graphics Info: Driver file: pdftex.def on input line 99.
)
\Gin@req@height=\dimen176
\Gin@req@width=\dimen177
)
(/usr/local/texlive/2019/texmf-dist/tex/latex/eepic/epic.sty
Enhancements to Picture Environment. Version 1.2 - Released June 1, 1986
\@@multicnt=\count140
\d@lta=\count141
\@delta=\dimen178
\@@delta=\dimen179
\@gridcnt=\count142
\@joinkind=\count143
\@dotgap=\dimen180
\@ddotgap=\dimen181
\@x@diff=\count144
\@y@diff=\count145
\x@diff=\dimen182
\y@diff=\dimen183
\@dotbox=\box35
\num@segments=\count146
\num@segmentsi=\count147
\@datafile=\read1
)
\OVP@box=\box36
) (/usr/local/texlive/2019/texmf-dist/tex/latex/doublestroke/dsfont.sty
Package: dsfont 1995/08/01 v0.1 Double stroke roman fonts
)
(/usr/local/texlive/2019/texmf-dist/tex/latex/tools/bm.sty
Package: bm 2017/01/16 v1.2c Bold Symbol Support (DPC/FMi)
LaTeX Info: Redefining \bm on input line 207.
)
(/usr/local/texlive/2019/texmf-dist/tex/latex/bbm-macros/bbm.sty
Package: bbm 1999/03/15 V 1.2 provides fonts for set symbols - TH
LaTeX Font Info:    Overwriting math alphabet `\mathbbm' in version `bold'
(Font)                  U/bbm/m/n --> U/bbm/bx/n on input line 33.
LaTeX Font Info:    Overwriting math alphabet `\mathbbmss' in version `bold'
(Font)                  U/bbmss/m/n --> U/bbmss/bx/n on input line 35.
)
(/usr/local/texlive/2019/texmf-dist/tex/latex/caption/subcaption.sty
Package: subcaption 2018/05/01 v1.1-162 Sub-captions (AR)
\c@subfigure=\count148
\c@subtable=\count149
)
(/usr/local/texlive/2019/texmf-dist/tex/latex/xcolor/xcolor.sty
Package: xcolor 2016/05/11 v2.12 LaTeX color extensions (UK)

(/usr/local/texlive/2019/texmf-dist/tex/latex/graphics-cfg/color.cfg
File: color.cfg 2016/01/02 v1.6 sample color configuration
)
Package xcolor Info: Driver file: pdftex.def on input line 225.
LaTeX Info: Redefining \color on input line 709.
Package xcolor Info: Model `cmy' substituted by `cmy0' on input line 1348.
Package xcolor Info: Model `hsb' substituted by `rgb' on input line 1352.
Package xcolor Info: Model `RGB' extended on input line 1364.
Package xcolor Info: Model `HTML' substituted by `rgb' on input line 1366.
Package xcolor Info: Model `Hsb' substituted by `hsb' on input line 1367.
Package xcolor Info: Model `tHsb' substituted by `hsb' on input line 1368.
Package xcolor Info: Model `HSB' substituted by `hsb' on input line 1369.
Package xcolor Info: Model `Gray' substituted by `gray' on input line 1370.
Package xcolor Info: Model `wave' substituted by `hsb' on input line 1371.

(/usr/local/texlive/2019/texmf-dist/tex/latex/xcolor/svgnam.def
File: svgnam.def 2016/05/11 v2.12 Predefined colors according to SVG 1.1 (UK)
))
\c@theorem=\count150

(/usr/local/texlive/2019/texmf-dist/tex/latex/apxproof/apxproof.sty
Package: apxproof 2019/01/28 v1.1.1 Automatic proofs in appendix

(/usr/local/texlive/2019/texmf-dist/tex/latex/bibunits/bibunits.sty
Package: bibunits 2004/05/12 v2.4 Multiple bibliographies in one document.
\@bibunitaux=\write3
\@bibunitauxcnt=\count151
)
(/usr/local/texlive/2019/texmf-dist/tex/latex/fancyvrb/fancyvrb.sty
Package: fancyvrb 2019/01/15

Style option: `fancyvrb' v3.2a <2019/01/15> (tvz)
\FV@CodeLineNo=\count152
\FV@InFile=\read2
\FV@TabBox=\box37
\c@FancyVerbLine=\count153
\FV@StepNumber=\count154
\FV@OutFile=\write4
)
apxproof: Appendix material appended to the document
apxproof: Separate bibliography for appendix material
apxproof: Repeated equations keep the same numbering
\c@axp@rpcounter=\count155
\c@axp@equation=\count156
\c@axp@equationx=\count157
\c@axp@seccounter=\count158
)
\c@proposition=\count159
\c@definition=\count160
\c@lemma=\count161
\c@assumption=\count162
\c@corollary=\count163
Package hyperref Info: Option `colorlinks' set `true' on input line 100.
\c@observation=\count164
\c@theorem=\count165
\c@example=\count166

(./COCO_Neurips24-cameraready.aux (./bu.aux)

LaTeX Warning: Label `q-ev' multiply defined.


LaTeX Warning: Label `q-ev@cref' multiply defined.


LaTeX Warning: Label `ext' multiply defined.


LaTeX Warning: Label `ext@cref' multiply defined.

)
\openout1 = `COCO_Neurips24-cameraready.aux'.

LaTeX Font Info:    Checking defaults for OML/cmm/m/it on input line 163.
LaTeX Font Info:    ... okay on input line 163.
LaTeX Font Info:    Checking defaults for T1/cmr/m/n on input line 163.
LaTeX Font Info:    ... okay on input line 163.
LaTeX Font Info:    Checking defaults for OT1/cmr/m/n on input line 163.
LaTeX Font Info:    ... okay on input line 163.
LaTeX Font Info:    Checking defaults for OMS/cmsy/m/n on input line 163.
LaTeX Font Info:    ... okay on input line 163.
LaTeX Font Info:    Checking defaults for OMX/cmex/m/n on input line 163.
LaTeX Font Info:    ... okay on input line 163.
LaTeX Font Info:    Checking defaults for U/cmr/m/n on input line 163.
LaTeX Font Info:    ... okay on input line 163.
LaTeX Font Info:    Checking defaults for PD1/pdf/m/n on input line 163.
LaTeX Font Info:    ... okay on input line 163.
LaTeX Font Info:    Checking defaults for TS1/cmr/m/n on input line 163.
LaTeX Font Info:    Try loading font information for TS1+cmr on input line 163.

 (/usr/local/texlive/2019/texmf-dist/tex/latex/base/ts1cmr.fd
File: ts1cmr.fd 2014/09/29 v2.5h Standard LaTeX font definitions
)
LaTeX Font Info:    ... okay on input line 163.
LaTeX Font Info:    Try loading font information for T1+ptm on input line 163.

(/usr/local/texlive/2019/texmf-dist/tex/latex/psnfss/t1ptm.fd
File: t1ptm.fd 2001/06/04 font definitions for T1/ptm.
)
*geometry* driver: auto-detecting
*geometry* detected driver: pdftex
*geometry* verbose mode - [ preamble ] result:
* driver: pdftex
* paper: letterpaper
* layout: <same size as paper>
* layoutoffset:(h,v)=(0.0pt,0.0pt)
* modes: 
* h-part:(L,W,R)=(92.14519pt, 430.00462pt, 92.14519pt)
* v-part:(T,H,B)=(95.39737pt, 556.47656pt, 143.09605pt)
* \paperwidth=614.295pt
* \paperheight=794.96999pt
* \textwidth=430.00462pt
* \textheight=556.47656pt
* \oddsidemargin=19.8752pt
* \evensidemargin=19.8752pt
* \topmargin=-13.87262pt
* \headheight=12.0pt
* \headsep=25.0pt
* \topskip=10.0pt
* \footskip=30.0pt
* \marginparwidth=65.0pt
* \marginparsep=11.0pt
* \columnsep=10.0pt
* \skip\footins=9.0pt plus 4.0pt minus 2.0pt
* \hoffset=0.0pt
* \voffset=0.0pt
* \mag=1000
* \@twocolumnfalse
* \@twosidefalse
* \@mparswitchfalse
* \@reversemarginfalse
* (1in=72.27pt=25.4mm, 1cm=28.453pt)

*geometry* verbose mode - [ newgeometry ] result:
* driver: pdftex
* paper: letterpaper
* layout: <same size as paper>
* layoutoffset:(h,v)=(0.0pt,0.0pt)
* modes: 
* h-part:(L,W,R)=(108.405pt, 397.48499pt, 108.40501pt)
* v-part:(T,H,B)=(72.26999pt, 650.43pt, 72.27pt)
* \paperwidth=614.295pt
* \paperheight=794.96999pt
* \textwidth=397.48499pt
* \textheight=650.43pt
* \oddsidemargin=36.13501pt
* \evensidemargin=36.13501pt
* \topmargin=-37.0pt
* \headheight=12.0pt
* \headsep=25.0pt
* \topskip=10.0pt
* \footskip=30.0pt
* \marginparwidth=65.0pt
* \marginparsep=11.0pt
* \columnsep=10.0pt
* \skip\footins=9.0pt plus 4.0pt minus 2.0pt
* \hoffset=0.0pt
* \voffset=0.0pt
* \mag=1000
* \@twocolumnfalse
* \@twosidefalse
* \@mparswitchfalse
* \@reversemarginfalse
* (1in=72.27pt=25.4mm, 1cm=28.453pt)

\AtBeginShipoutBox=\box38
Package hyperref Info: Link coloring ON on input line 163.
(/usr/local/texlive/2019/texmf-dist/tex/latex/hyperref/nameref.sty
Package: nameref 2016/05/21 v2.44 Cross-referencing by name of section

(/usr/local/texlive/2019/texmf-dist/tex/generic/oberdiek/gettitlestring.sty
Package: gettitlestring 2016/05/16 v1.5 Cleanup title references (HO)
)
\c@section@level=\count167
)
LaTeX Info: Redefining \ref on input line 163.
LaTeX Info: Redefining \pageref on input line 163.
LaTeX Info: Redefining \nameref on input line 163.

(./COCO_Neurips24-cameraready.out) (./COCO_Neurips24-cameraready.out)
\@outlinefile=\write5
\openout5 = `COCO_Neurips24-cameraready.out'.

LaTeX Info: Redefining \microtypecontext on input line 163.
Package microtype Info: Generating PDF output.
Package microtype Info: Character protrusion enabled (level 2).
Package microtype Info: Using default protrusion set `alltext'.
Package microtype Info: Automatic font expansion enabled (level 2),
(microtype)             stretch: 20, shrink: 20, step: 1, non-selected.
Package microtype Info: Using default expansion set `basictext'.
Package microtype Info: No adjustment of tracking.
Package microtype Info: No adjustment of interword spacing.
Package microtype Info: No adjustment of character kerning.

(/usr/local/texlive/2019/texmf-dist/tex/latex/microtype/mt-ptm.cfg
File: mt-ptm.cfg 2006/04/20 v1.7 microtype config. file: Times (RS)
)
ABD: EveryShipout initializing macros
\autonum@environmentWidth=\skip62

(/usr/local/texlive/2019/texmf-dist/tex/latex/microtype/mt-cmr.cfg
File: mt-cmr.cfg 2013/05/19 v2.2 microtype config. file: Computer Modern Roman 
(RS)
)
LaTeX Font Info:    Try loading font information for U+msa on input line 163.

(/usr/local/texlive/2019/texmf-dist/tex/latex/amsfonts/umsa.fd
File: umsa.fd 2013/01/14 v3.01 AMS symbols A
)
(/usr/local/texlive/2019/texmf-dist/tex/latex/microtype/mt-msa.cfg
File: mt-msa.cfg 2006/02/04 v1.1 microtype config. file: AMS symbols (a) (RS)
)
LaTeX Font Info:    Try loading font information for U+msb on input line 163.

(/usr/local/texlive/2019/texmf-dist/tex/latex/amsfonts/umsb.fd
File: umsb.fd 2013/01/14 v3.01 AMS symbols B
)
(/usr/local/texlive/2019/texmf-dist/tex/latex/microtype/mt-msb.cfg
File: mt-msb.cfg 2005/06/01 v1.0 microtype config. file: AMS symbols (b) (RS)
)
Package caption Info: Begin \AtBeginDocument code.
Package caption Info: float package is loaded.
Package caption Info: End \AtBeginDocument code.

(/usr/local/texlive/2019/texmf-dist/tex/context/base/mkii/supp-pdf.mkii
[Loading MPS to PDF converter (version 2006.09.02).]
\scratchcounter=\count168
\scratchdimen=\dimen184
\scratchbox=\box39
\nofMPsegments=\count169
\nofMParguments=\count170
\everyMPshowfont=\toks37
\MPscratchCnt=\count171
\MPscratchDim=\dimen185
\MPnumerator=\count172
\makeMPintoPDFobject=\count173
\everyMPtoPDFconversion=\toks38
) (/usr/local/texlive/2019/texmf-dist/tex/latex/oberdiek/epstopdf-base.sty
Package: epstopdf-base 2016/05/15 v2.6 Base part for package epstopdf

(/usr/local/texlive/2019/texmf-dist/tex/latex/oberdiek/grfext.sty
Package: grfext 2016/05/16 v1.2 Manage graphics extensions (HO)
)
Package epstopdf-base Info: Redefining graphics rule for `.eps' on input line 4
38.
Package grfext Info: Graphics extension search list:
(grfext)             [.pdf,.png,.jpg,.mps,.jpeg,.jbig2,.jb2,.PDF,.PNG,.JPG,.JPE
G,.JBIG2,.JB2,.eps]
(grfext)             \AppendGraphicsExtensions on input line 456.

(/usr/local/texlive/2019/texmf-dist/tex/latex/latexconfig/epstopdf-sys.cfg
File: epstopdf-sys.cfg 2010/07/13 v1.3 Configuration of (r)epstopdf for TeX Liv
e
))
\axp@proofsfile=\write6
\openout6 = `COCO_Neurips24-cameraready.axp'.

LaTeX Font Info:    Font shape `T1/ptm/bx/n' in size <17.28> not available
(Font)              Font shape `T1/ptm/b/n' tried instead on input line 167.
LaTeX Font Info:    Font shape `T1/ptm/bx/n' in size <10> not available
(Font)              Font shape `T1/ptm/b/n' tried instead on input line 167.
LaTeX Font Info:    Try loading font information for T1+cmtt on input line 167.


(/usr/local/texlive/2019/texmf-dist/tex/latex/base/t1cmtt.fd
File: t1cmtt.fd 2014/09/29 v2.5h Standard LaTeX font definitions
)
Package microtype Info: Loading generic protrusion settings for font family
(microtype)             `cmtt' (encoding: T1).
(microtype)             For optimal results, create family-specific settings.
(microtype)             See the microtype manual for details.
 (./abstract.tex
LaTeX Font Info:    Font shape `T1/ptm/bx/n' in size <12> not available
(Font)              Font shape `T1/ptm/b/n' tried instead on input line 2.
)
(./introduction.tex [1


{/usr/local/texlive/2019/texmf-var/fonts/map/pdftex/updmap/pdftex.map}]

Package natbib Warning: Citation `georgios-cautious' on page 2 undefined on inp
ut line 27.


Package natbib Warning: Citation `sinha2023banditq' on page 2 undefined on inpu
t line 27.

) (./Related_works.tex

Package natbib Warning: Citation `zinkevich2003online' on page 2 undefined on i
nput line 6.


Package natbib Warning: Citation `hazan2007adaptive' on page 2 undefined on inp
ut line 8.


Package natbib Warning: Citation `orabona2018scale' on page 2 undefined on inpu
t line 8.


Package natbib Warning: Citation `orabona2019modern' on page 2 undefined on inp
ut line 8.


Package natbib Warning: Citation `yuan2018online' on page 2 undefined on input 
line 12.


Package natbib Warning: Citation `jenatton2016adaptive' on page 2 undefined on 
input line 12.


Package natbib Warning: Citation `mahdavi2012trading' on page 2 undefined on in
put line 12.


Package natbib Warning: Citation `yi2021regret' on page 2 undefined on input li
ne 12.


Package natbib Warning: Citation `neely2017online' on page 2 undefined on input
 line 15.


Package natbib Warning: Citation `georgios-cautious' on page 2 undefined on inp
ut line 15.


Package natbib Warning: Citation `yu2017online' on page 2 undefined on input li
ne 17.


Package natbib Warning: Citation `pmlr-v70-sun17a' on page 2 undefined on input
 line 17.


Package natbib Warning: Citation `yi2023distributed' on page 2 undefined on inp
ut line 17.


Package natbib Warning: Citation `neely2017online' on page 2 undefined on input
 line 18.


Package natbib Warning: Citation `georgios-cautious' on page 2 undefined on inp
ut line 18.


Package natbib Warning: Citation `neely2010stochastic' on page 2 undefined on i
nput line 18.


Package natbib Warning: Citation `neely2017online' on page 2 undefined on input
 line 19.


Package natbib Warning: Citation `georgios-cautious' on page 2 undefined on inp
ut line 23.


Package natbib Warning: Citation `neely2017online' on page 2 undefined on input
 line 23.


Package natbib Warning: Citation `guo2022online' on page 2 undefined on input l
ine 30.


Package natbib Warning: Citation `chen2018bandit' on page 2 undefined on input 
line 35.


Package natbib Warning: Citation `cao2018online' on page 2 undefined on input l
ine 35.


Package natbib Warning: Citation `vazecocowiopt2022' on page 2 undefined on inp
ut line 35.


Package natbib Warning: Citation `liu2022simultaneously' on page 2 undefined on
 input line 35.

LaTeX Font Info:    Font shape `T1/ptm/bx/n' in size <9> not available
(Font)              Font shape `T1/ptm/b/n' tried instead on input line 76.

Package natbib Warning: Citation `mahdavi2012trading' on page 2 undefined on in
put line 76.


Package natbib Warning: Citation `jenatton2016adaptive' on page 2 undefined on 
input line 77.


Package natbib Warning: Citation `pmlr-v70-sun17a' on page 2 undefined on input
 line 78.


Package natbib Warning: Citation `neely2017online' on page 2 undefined on input
 line 79.


Package natbib Warning: Citation `yuan2018online' on page 2 undefined on input 
line 81.


Package natbib Warning: Citation `yu2020low' on page 2 undefined on input line 
82.


Package natbib Warning: Citation `yi2021regret' on page 2 undefined on input li
ne 84.


Package natbib Warning: Citation `yi2022regret' on page 2 undefined on input li
ne 85.


Package natbib Warning: Citation `guo2022online' on page 2 undefined on input l
ine 86.


Package natbib Warning: Citation `guo2022online' on page 2 undefined on input l
ine 87.


Package natbib Warning: Citation `yi2023distributed' on page 2 undefined on inp
ut line 88.


Package natbib Warning: Citation `yi2023distributed' on page 2 undefined on inp
ut line 89.

) (./contribution.tex [2]

Package natbib Warning: Citation `guo2022online' on page 3 undefined on input l
ine 21.


Package natbib Warning: Citation `neely2017online' on page 3 undefined on input
 line 21.


Package natbib Warning: Citation `mahdavi2012trading' on page 3 undefined on in
put line 21.


Package natbib Warning: Citation `jenatton2016adaptive' on page 3 undefined on 
input line 21.


Package natbib Warning: Citation `yi2021regret' on page 3 undefined on input li
ne 21.

) (./formulation.tex

Package natbib Warning: Citation `guo2022online' on page 3 undefined on input l
ine 41.


Package natbib Warning: Citation `yi2021regret' on page 3 undefined on input li
ne 41.


Package natbib Warning: Citation `neely2017online' on page 3 undefined on input
 line 41.


Underfull \vbox (badness 6708) has occurred while \output is active []

 [3]

Package natbib Warning: Citation `guo2022online' on page 4 undefined on input l
ine 60.


Package natbib Warning: Citation `neely2017online' on page 4 undefined on input
 line 60.


Package natbib Warning: Citation `yu2016low' on page 4 undefined on input line 
60.


Package natbib Warning: Citation `yuan2018online' on page 4 undefined on input 
line 60.


Package natbib Warning: Citation `yi2023distributed' on page 4 undefined on inp
ut line 60.


Package natbib Warning: Citation `georgios-cautious' on page 4 undefined on inp
ut line 60.

) (./lower_bounds.tex) (./algorithms.tex

Package natbib Warning: Citation `hazan2022introduction' on page 4 undefined on
 input line 256.

[4]

Package natbib Warning: Citation `neely2010stochastic' on page 5 undefined on i
nput line 312.

Package hyperref Info: bookmark level for unknown algorithm defaults to 0 on in
put line 319.

Overfull \hbox (21.92973pt too wide) in alignment at lines 340--345
 [][][] []
 []

[5] [6]

Package natbib Warning: Citation `HazanBook' on page 7 undefined on input line 
647.


Package natbib Warning: Citation `HazanBook' on page 7 undefined on input line 
648.

) (./two_constr.tex
LaTeX Font Info:    Font shape `T1/ptm/bx/sc' in size <12> not available
(Font)              Font shape `T1/ptm/b/sc' tried instead on input line 2.
 [7]
LaTeX Font Info:    Font shape `T1/ptm/bx/sc' in size <10> not available
(Font)              Font shape `T1/ptm/b/sc' tried instead on input line 85.


Package natbib Warning: Citation `asmussen2003applied' on page 8 undefined on i
nput line 92.

[8]) (./experiments.tex
<./figures/ROC_plt.pdf, id=345, 433.62pt x 289.08pt>
File: ./figures/ROC_plt.pdf Graphic file (type pdf)
<use ./figures/ROC_plt.pdf>
Package pdftex.def Info: ./figures/ROC_plt.pdf  used on input line 7.
(pdftex.def)             Requested size: 173.44492pt x 115.62994pt.
<./figures/CCV_variation_plt.pdf, id=346, 433.62pt x 289.08pt>
File: ./figures/CCV_variation_plt.pdf Graphic file (type pdf)
<use ./figures/CCV_variation_plt.pdf>
Package pdftex.def Info: ./figures/CCV_variation_plt.pdf  used on input line 15
.
(pdftex.def)             Requested size: 173.44492pt x 115.62994pt.
 [9]
LaTeX Font Info:    Try loading font information for U+dsrom on input line 32.

(/usr/local/texlive/2019/texmf-dist/tex/latex/doublestroke/Udsrom.fd
File: Udsrom.fd 1995/08/01 v0.1 Double stroke roman font definitions
)

Package natbib Warning: Citation `belkin2019reconciling' on page 10 undefined o
n input line 51.


Package natbib Warning: Citation `dal2014learned' on page 10 undefined on input
 line 56.


Package natbib Warning: Citation `coco-code' on page 10 undefined on input line
 58.

) (./open_questions.tex [10 <./figures/ROC_plt.pdf> <./figures/CCV_variation_pl
t.pdf>])
\openout3 = `bu.aux'.


No file COCO_Neurips24-cameraready.bbl.
(./appendix.tex [11] (./app-assumptions.tex

Package natbib Warning: Citation `neely2017online' on page 12 undefined on inpu
t line 2.


Package natbib Warning: Citation `yu2016low' on page 12 undefined on input line
 2.


Package natbib Warning: Citation `yuan2018online' on page 12 undefined on input
 line 2.


Package natbib Warning: Citation `yi2023distributed' on page 12 undefined on in
put line 2.


Package natbib Warning: Citation `georgios-cautious' on page 12 undefined on in
put line 2.


Package natbib Warning: Citation `yu2016low' on page 12 undefined on input line
 2.

) (./preliminaries.tex

Package natbib Warning: Citation `hazan2016introduction' on page 12 undefined o
n input line 2.


Package natbib Warning: Citation `zinkevich2003online' on page 12 undefined on 
input line 28.


Package natbib Warning: Citation `duchi2011adaptive' on page 12 undefined on in
put line 38.


Package natbib Warning: Citation `orabona2019modern' on page 12 undefined on in
put line 38.


Package natbib Warning: Citation `duchi2011adaptive' on page 12 undefined on in
put line 42.


Package natbib Warning: Citation `hazan2007adaptive' on page 12 undefined on in
put line 44.

[12]

Package natbib Warning: Citation `orabona2018scale' on page 13 undefined on inp
ut line 58.


Package natbib Warning: Citation `abernethy2014online' on page 13 undefined on 
input line 58.


Package natbib Warning: Citation `joulani2016delay' on page 13 undefined on inp
ut line 59.

)
<figures/multi-task-cropped.pdf, id=428, 627.34375pt x 365.365pt>
File: figures/multi-task-cropped.pdf Graphic file (type pdf)
<use figures/multi-task-cropped.pdf>
Package pdftex.def Info: figures/multi-task-cropped.pdf  used on input line 38.

(pdftex.def)             Requested size: 313.6711pt x 182.68205pt.


Package natbib Warning: Citation `ruder2017overview' on page 13 undefined on in
put line 44.


Package natbib Warning: Citation `dekel2006online' on page 13 undefined on inpu
t line 44.


Package natbib Warning: Citation `murugesan2016adaptive' on page 13 undefined o
n input line 44.


Package natbib Warning: Citation `ruder2017overview' on page 13 undefined on in
put line 45.

(./app-lbcoco.tex [13 <./figures/multi-task-cropped.pdf>])
(./remark-COCOPolicy.tex) (./ComparisonOtherPolicies.tex

Package natbib Warning: Citation `neely2017online' on page 14 undefined on inpu
t line 3.


Package natbib Warning: Citation `yu2017online' on page 14 undefined on input l
ine 3.


Package natbib Warning: Citation `georgios-cautious' on page 14 undefined on in
put line 3.


Package hyperref Warning: Token not allowed in a PDF string (PDFDocEncoding):
(hyperref)                removing `\begingroup' on input line 3.


Package hyperref Warning: Token not allowed in a PDF string (PDFDocEncoding):
(hyperref)                removing `\<let>-command' on input line 3.


Package hyperref Warning: Token not allowed in a PDF string (PDFDocEncoding):
(hyperref)                removing `\NAT@ctype' on input line 3.


Package hyperref Warning: Token not allowed in a PDF string (PDFDocEncoding):
(hyperref)                removing `\z@' on input line 3.


Package hyperref Warning: Token not allowed in a PDF string (PDFDocEncoding):
(hyperref)                removing `\let' on input line 3.


Package hyperref Warning: Token not allowed in a PDF string (PDFDocEncoding):
(hyperref)                removing `\let' on input line 3.


Package hyperref Warning: Token not allowed in a PDF string (PDFDocEncoding):
(hyperref)                removing `\new@ifnextchar' on input line 3.


Package hyperref Warning: Token not allowed in a PDF string (PDFDocEncoding):
(hyperref)                removing `\begingroup' on input line 3.


Package hyperref Warning: Token not allowed in a PDF string (PDFDocEncoding):
(hyperref)                removing `\<let>-command' on input line 3.


Package hyperref Warning: Token not allowed in a PDF string (PDFDocEncoding):
(hyperref)                removing `\NAT@ctype' on input line 3.


Package hyperref Warning: Token not allowed in a PDF string (PDFDocEncoding):
(hyperref)                removing `\z@' on input line 3.


Package hyperref Warning: Token not allowed in a PDF string (PDFDocEncoding):
(hyperref)                removing `\let' on input line 3.


Package hyperref Warning: Token not allowed in a PDF string (PDFDocEncoding):
(hyperref)                removing `\let' on input line 3.


Package hyperref Warning: Token not allowed in a PDF string (PDFDocEncoding):
(hyperref)                removing `\new@ifnextchar' on input line 3.


Package hyperref Warning: Token not allowed in a PDF string (PDFDocEncoding):
(hyperref)                removing `\begingroup' on input line 3.


Package hyperref Warning: Token not allowed in a PDF string (PDFDocEncoding):
(hyperref)                removing `\<let>-command' on input line 3.


Package hyperref Warning: Token not allowed in a PDF string (PDFDocEncoding):
(hyperref)                removing `\NAT@ctype' on input line 3.


Package hyperref Warning: Token not allowed in a PDF string (PDFDocEncoding):
(hyperref)                removing `\z@' on input line 3.


Package hyperref Warning: Token not allowed in a PDF string (PDFDocEncoding):
(hyperref)                removing `\let' on input line 3.


Package hyperref Warning: Token not allowed in a PDF string (PDFDocEncoding):
(hyperref)                removing `\let' on input line 3.


Package hyperref Warning: Token not allowed in a PDF string (PDFDocEncoding):
(hyperref)                removing `\new@ifnextchar' on input line 3.


Package natbib Warning: Citation `yu2017online' on page 14 undefined on input l
ine 5.


Package natbib Warning: Citation `georgios-cautious' on page 14 undefined on in
put line 5.


Package natbib Warning: Citation `neely2017online' on page 14 undefined on inpu
t line 5.


Package natbib Warning: Citation `neely2017online' on page 14 undefined on inpu
t line 6.


Package natbib Warning: Citation `neely2017online' on page 14 undefined on inpu
t line 7.


Package natbib Warning: Citation `guo2022online' on page 14 undefined on input 
line 19.


Package hyperref Warning: Token not allowed in a PDF string (PDFDocEncoding):
(hyperref)                removing `\begingroup' on input line 19.


Package hyperref Warning: Token not allowed in a PDF string (PDFDocEncoding):
(hyperref)                removing `\<let>-command' on input line 19.


Package hyperref Warning: Token not allowed in a PDF string (PDFDocEncoding):
(hyperref)                removing `\NAT@ctype' on input line 19.


Package hyperref Warning: Token not allowed in a PDF string (PDFDocEncoding):
(hyperref)                removing `\z@' on input line 19.


Package hyperref Warning: Token not allowed in a PDF string (PDFDocEncoding):
(hyperref)                removing `\let' on input line 19.


Package hyperref Warning: Token not allowed in a PDF string (PDFDocEncoding):
(hyperref)                removing `\let' on input line 19.


Package hyperref Warning: Token not allowed in a PDF string (PDFDocEncoding):
(hyperref)                removing `\new@ifnextchar' on input line 19.


Package natbib Warning: Citation `guo2022online' on page 14 undefined on input 
line 20.


Package natbib Warning: Citation `neely2017online' on page 14 undefined on inpu
t line 20.

[14]

Package natbib Warning: Citation `jenatton2016adaptive' on page 15 undefined on
 input line 40.


Package hyperref Warning: Token not allowed in a PDF string (PDFDocEncoding):
(hyperref)                removing `\begingroup' on input line 40.


Package hyperref Warning: Token not allowed in a PDF string (PDFDocEncoding):
(hyperref)                removing `\<let>-command' on input line 40.


Package hyperref Warning: Token not allowed in a PDF string (PDFDocEncoding):
(hyperref)                removing `\NAT@ctype' on input line 40.


Package hyperref Warning: Token not allowed in a PDF string (PDFDocEncoding):
(hyperref)                removing `\z@' on input line 40.


Package hyperref Warning: Token not allowed in a PDF string (PDFDocEncoding):
(hyperref)                removing `\let' on input line 40.


Package hyperref Warning: Token not allowed in a PDF string (PDFDocEncoding):
(hyperref)                removing `\let' on input line 40.


Package hyperref Warning: Token not allowed in a PDF string (PDFDocEncoding):
(hyperref)                removing `\new@ifnextchar' on input line 40.


Package natbib Warning: Citation `jenatton2016adaptive' on page 15 undefined on
 input line 41.

)pdfTeX warning (ext4): destination with the same identifier (name{equation.A.2
8}) has been already used, duplicate ignored
<to be read again> 
                   \relax 
l.381 \begin{eqnarray}
                       \label{q-reg-str-cvx-bd}pdfTeX warning (ext4): destinati
on with the same identifier (name{equation.A.28}) has been already used, duplic
ate ignored
<to be read again> 
                   \relax 
l.381 \begin{eqnarray}
                       \label{q-reg-str-cvx-bd}pdfTeX warning (ext4): destinati
on with the same identifier (name{equation.A.28}) has been already used, duplic
ate ignored
<to be read again> 
                   \relax 
l.381 \begin{eqnarray}
                       \label{q-reg-str-cvx-bd}pdfTeX warning (ext4): destinati
on with the same identifier (name{equation.A.28}) has been already used, duplic
ate ignored
<to be read again> 
                   \relax 
l.381 \begin{eqnarray}
                       \label{q-reg-str-cvx-bd} (./fast_rates.tex [15])

Package natbib Warning: Citation `bansa2018nested' on page 16 undefined on inpu
t line 417.


Package natbib Warning: Citation `argue2019nearly' on page 16 undefined on inpu
t line 417.


Package natbib Warning: Citation `bubeck2020chasing' on page 16 undefined on in
put line 417.


Package natbib Warning: Citation `bansa2018nested' on page 16 undefined on inpu
t line 432.


Package natbib Warning: Citation `argue2019nearly' on page 16 undefined on inpu
t line 432.


Package natbib Warning: Citation `bubeck2020chasing' on page 16 undefined on in
put line 432.

(./extension.tex [16pdfTeX warning (ext4): destination with the same identifier
 (name{equation.A.30}) has been already used, duplicate ignored

\AtBegShi@Output ...ipout \box \AtBeginShipoutBox 
                                                  \fi \fi 
l.29 \end{eqnarray*}
                    pdfTeX warning (ext4): destination with the same identifier
 (name{equation.A.31}) has been already used, duplicate ignored

\AtBegShi@Output ...ipout \box \AtBeginShipoutBox 
                                                  \fi \fi 
l.29 \end{eqnarray*}
                    pdfTeX warning (ext4): destination with the same identifier
 (name{equation.A.31}) has been already used, duplicate ignored

\AtBegShi@Output ...ipout \box \AtBeginShipoutBox 
                                                  \fi \fi 
l.29 \end{eqnarray*}
                    ]pdfTeX warning (ext4): destination with the same identifie
r (name{equation.A.31}) has been already used, duplicate ignored
<to be read again> 
                   \relax 
l.31  \begin{eqnarray}
                       \label{new-reg-decomp}pdfTeX warning (ext4): destination
 with the same identifier (name{equation.A.31}) has been already used, duplicat
e ignored
<to be read again> 
                   \relax 
l.31  \begin{eqnarray}
                       \label{new-reg-decomp}pdfTeX warning (ext4): destination
 with the same identifier (name{equation.A.31}) has been already used, duplicat
e ignored
<to be read again> 
                   \relax 
l.31  \begin{eqnarray}
                       \label{new-reg-decomp}pdfTeX warning (ext4): destination
 with the same identifier (name{equation.A.31}) has been already used, duplicat
e ignored
<to be read again> 
                   \relax 
l.31  \begin{eqnarray}
                       \label{new-reg-decomp}) [17] (./gen_p_T.tex [18pdfTeX wa
rning (ext4): destination with the same identifier (name{equation.A.36}) has be
en already used, duplicate ignored

\AtBegShi@Output ...ipout \box \AtBeginShipoutBox 
                                                  \fi \fi 
l.44 \end{eqnarray}
                   ])) [19pdfTeX warning (ext4): destination with the same iden
tifier (name{equation.A.37}) has been already used, duplicate ignored

\AtBegShi@Output ...ipout \box \AtBeginShipoutBox 
                                                  \fi \fi 
l.203 \newpage
              ] (./checklist.tex
LaTeX Font Info:    Try loading font information for TS1+ptm on input line 10.

(/usr/local/texlive/2019/texmf-dist/tex/latex/psnfss/ts1ptm.fd
File: ts1ptm.fd 2001/06/04 font definitions for TS1/ptm.
) [20] [21]
[22] [23] [24] [25])

Package natbib Warning: There were undefined citations.

[26] (./COCO_Neurips24-cameraready.axp) (./bu1.aux)
\openout3 = `bu1.aux'.


No file bu1.bbl.
(./bu1.aux) (./bu.aux)
Package atveryend Info: Empty hook `BeforeClearDocument' on input line 208.
Package atveryend Info: Empty hook `AfterLastShipout' on input line 208.
 (./COCO_Neurips24-cameraready.aux (./bu.aux))
Package atveryend Info: Executing hook `AtVeryEndDocument' on input line 208.
Package atveryend Info: Executing hook `AtEndAfterFileList' on input line 208.
Package rerunfilecheck Info: File `COCO_Neurips24-cameraready.out' has not chan
ged.
(rerunfilecheck)             Checksum: 0D0851BA4668BBEE1E97EC260572F90D;2571.


LaTeX Warning: There were multiply-defined labels.

Package atveryend Info: Empty hook `AtVeryVeryEnd' on input line 208.
 ) 
Here is how much of TeX's memory you used:
 17579 strings out of 492616
 275161 string characters out of 6129482
 418549 words of memory out of 5000000
 20660 multiletter control sequences out of 15000+600000
 99831 words of font info for 292 fonts, out of 8000000 for 9000
 1141 hyphenation exceptions out of 8191
 39i,17n,40p,1435b,536s stack positions out of 5000i,500n,10000p,200000b,80000s
{/usr/local/texlive/2019/texmf-dist/fonts/enc/dvips/mnsymbol/MnSymbolE.enc}{/
usr/local/texlive/2019/texmf-dist/fonts/enc/dvips/mnsymbol/MnSymbolC.enc}{/usr/
local/texlive/2019/texmf-dist/fonts/enc/dvips/mnsymbol/MnSymbolF.enc}{/usr/loca
l/texlive/2019/texmf-dist/fonts/enc/dvips/mnsymbol/MnSymbolS.enc}{/usr/local/te
xlive/2019/texmf-dist/fonts/enc/dvips/base/8r.enc}{/usr/local/texlive/2019/texm
f-dist/fonts/enc/dvips/mnsymbol/MnSymbolD.enc}{/usr/local/texlive/2019/texmf-di
st/fonts/enc/dvips/mnsymbol/MnSymbolA.enc}{/usr/local/texlive/2019/texmf-dist/f
onts/enc/dvips/cm-super/cm-super-t1.enc}</usr/local/texlive/2019/texmf-dist/fon
ts/type1/public/mnsymbol/MnSymbol10.pfb></usr/local/texlive/2019/texmf-dist/fon
ts/type1/public/mnsymbol/MnSymbol5.pfb></usr/local/texlive/2019/texmf-dist/font
s/type1/public/mnsymbol/MnSymbol6.pfb></usr/local/texlive/2019/texmf-dist/fonts
/type1/public/mnsymbol/MnSymbol7.pfb></usr/local/texlive/2019/texmf-dist/fonts/
type1/public/mnsymbol/MnSymbol9.pfb></usr/local/texlive/2019/texmf-dist/fonts/t
ype1/public/amsfonts/cm/cmbx10.pfb></usr/local/texlive/2019/texmf-dist/fonts/ty
pe1/public/amsfonts/cm/cmmi10.pfb></usr/local/texlive/2019/texmf-dist/fonts/typ
e1/public/amsfonts/cm/cmmi12.pfb></usr/local/texlive/2019/texmf-dist/fonts/type
1/public/amsfonts/cm/cmmi5.pfb></usr/local/texlive/2019/texmf-dist/fonts/type1/
public/amsfonts/cm/cmmi6.pfb></usr/local/texlive/2019/texmf-dist/fonts/type1/pu
blic/amsfonts/cm/cmmi7.pfb></usr/local/texlive/2019/texmf-dist/fonts/type1/publ
ic/amsfonts/cm/cmmi9.pfb></usr/local/texlive/2019/texmf-dist/fonts/type1/public
/amsfonts/cm/cmmib10.pfb></usr/local/texlive/2019/texmf-dist/fonts/type1/public
/amsfonts/cm/cmr10.pfb></usr/local/texlive/2019/texmf-dist/fonts/type1/public/a
msfonts/cm/cmr12.pfb></usr/local/texlive/2019/texmf-dist/fonts/type1/public/ams
fonts/cm/cmr5.pfb></usr/local/texlive/2019/texmf-dist/fonts/type1/public/amsfon
ts/cm/cmr6.pfb></usr/local/texlive/2019/texmf-dist/fonts/type1/public/amsfonts/
cm/cmr7.pfb></usr/local/texlive/2019/texmf-dist/fonts/type1/public/amsfonts/cm/
cmr9.pfb></usr/local/texlive/2019/texmf-dist/fonts/type1/public/amsfonts/cm/cms
s12.pfb></usr/local/texlive/2019/texmf-dist/fonts/type1/public/amsfonts/cm/cmss
17.pfb></usr/local/texlive/2019/texmf-dist/fonts/type1/public/doublestroke/dsro
m10.pfb></usr/local/texlive/2019/texmf-dist/fonts/type1/public/amsfonts/symbols
/msbm10.pfb></usr/local/texlive/2019/texmf-dist/fonts/type1/public/cm-super/sft
t1000.pfb></usr/local/texlive/2019/texmf-dist/fonts/type1/urw/times/utmb8a.pfb>
</usr/local/texlive/2019/texmf-dist/fonts/type1/urw/times/utmr8a.pfb></usr/loca
l/texlive/2019/texmf-dist/fonts/type1/urw/times/utmri8a.pfb>
Output written on COCO_Neurips24-cameraready.pdf (26 pages, 650983 bytes).
PDF statistics:
 739 PDF objects out of 1000 (max. 8388607)
 649 compressed objects within 7 object streams
 174 named destinations out of 1000 (max. 500000)
 35096 words of extra memory for PDF output out of 35830 (max. 10000000)

