\BOOKMARK [1][-]{section.1}{\376\377\000I\000n\000t\000r\000o\000d\000u\000c\000t\000i\000o\000n}{}% 1
\BOOKMARK [2][-]{subsection.1.1}{\376\377\000R\000e\000l\000a\000t\000e\000d\000\040\000W\000o\000r\000k}{section.1}% 2
\BOOKMARK [2][-]{subsection.1.2}{\376\377\000O\000u\000r\000\040\000C\000o\000n\000t\000r\000i\000b\000u\000t\000i\000o\000n\000s}{section.1}% 3
\BOOKMARK [1][-]{section.2}{\376\377\000T\000h\000e\000\040\000C\000o\000n\000s\000t\000r\000a\000i\000n\000e\000d\000\040\000O\000C\000O\000\040\000\050\000C\000O\000C\000O\000\051\000\040\000P\000r\000o\000b\000l\000e\000m}{}% 4
\BOOKMARK [2][-]{subsection.2.1}{\376\377\000A\000s\000s\000u\000m\000p\000t\000i\000o\000n\000s}{section.2}% 5
\BOOKMARK [2][-]{subsection.2.2}{\376\377\000O\000n\000l\000i\000n\000e\000\040\000P\000o\000l\000i\000c\000y\000\040\000f\000o\000r\000\040\000C\000O\000C\000O}{section.2}% 6
\BOOKMARK [2][-]{subsection.2.3}{\376\377\000D\000e\000s\000i\000g\000n\000\040\000a\000n\000d\000\040\000A\000n\000a\000l\000y\000s\000i\000s\000\040\000o\000f\000\040\000t\000h\000e\000\040\000A\000l\000g\000o\000r\000i\000t\000h\000m}{section.2}% 7
\BOOKMARK [3][-]{subsubsection.2.3.1}{\376\377\000D\000e\000f\000i\000n\000i\000n\000g\000\040\000t\000h\000e\000\040\000S\000u\000r\000r\000o\000g\000a\000t\000e\000\040\000C\000o\000s\000t\000\040\000F\000u\000n\000c\000t\000i\000o\000n\000s}{subsection.2.3}% 8
\BOOKMARK [3][-]{subsubsection.2.3.2}{\376\377\000T\000h\000e\000\040\000R\000e\000g\000r\000e\000t\000\040\000D\000e\000c\000o\000m\000p\000o\000s\000i\000t\000i\000o\000n\000\040\000I\000n\000e\000q\000u\000a\000l\000i\000t\000y}{subsection.2.3}% 9
\BOOKMARK [3][-]{subsubsection.2.3.3}{\376\377\000C\000o\000n\000v\000e\000x\000\040\000C\000o\000s\000t\000\040\000a\000n\000d\000\040\000C\000o\000n\000v\000e\000x\000\040\000C\000o\000n\000s\000t\000r\000a\000i\000n\000t\000\040\000F\000u\000n\000c\000t\000i\000o\000n\000s}{subsection.2.3}% 10
\BOOKMARK [3][-]{subsubsection.2.3.4}{\376\377\000S\000t\000r\000o\000n\000g\000l\000y\000\040\000C\000o\000n\000v\000e\000x\000\040\000C\000o\000s\000t\000\040\000a\000n\000d\000\040\000C\000o\000n\000v\000e\000x\000\040\000C\000o\000n\000s\000t\000r\000a\000i\000n\000t\000\040\000F\000u\000n\000c\000t\000i\000o\000n\000s}{subsection.2.3}% 11
\BOOKMARK [2][-]{subsection.2.4}{\376\377\000L\000o\000w\000e\000r\000\040\000B\000o\000u\000n\000d\000s}{section.2}% 12
\BOOKMARK [1][-]{section.3}{\376\377\000T\000h\000e\000\040\000O\000n\000l\000i\000n\000e\000\040\000C\000o\000n\000s\000t\000r\000a\000i\000n\000t\000\040\000S\000a\000t\000i\000s\000f\000a\000c\000t\000i\000o\000n\000\040\000P\000r\000o\000b\000l\000e\000m\000\040\000\050\000O\000C\000S\000\051}{}% 13
\BOOKMARK [2][-]{subsection.3.1}{\376\377\000D\000e\000s\000i\000g\000n\000i\000n\000g\000\040\000a\000n\000\040\000O\000C\000S\000\040\000P\000o\000l\000i\000c\000y\000\040\000w\000i\000t\000h\000\040\000a\000\040\000Q\000u\000a\000d\000r\000a\000t\000i\000c\000\040\000L\000y\000a\000p\000u\000n\000o\000v\000\040\000f\000u\000n\000c\000t\000i\000o\000n}{section.3}% 14
\BOOKMARK [2][-]{subsection.3.2}{\376\377\000P\000e\000r\000f\000o\000r\000m\000a\000n\000c\000e\000\040\000B\000o\000u\000n\000d\000s}{section.3}% 15
\BOOKMARK [1][-]{section.4}{\376\377\000E\000x\000p\000e\000r\000i\000m\000e\000n\000t\000s\000:\000\040\000C\000r\000e\000d\000i\000t\000\040\000C\000a\000r\000d\000\040\000F\000r\000a\000u\000d\000\040\000D\000e\000t\000e\000c\000t\000i\000o\000n}{}% 16
\BOOKMARK [1][-]{section.5}{\376\377\000C\000o\000n\000c\000l\000u\000s\000i\000o\000n}{}% 17
\BOOKMARK [1][-]{section.6}{\376\377\000A\000c\000k\000n\000o\000w\000l\000e\000d\000g\000e\000m\000e\000n\000t}{}% 18
\BOOKMARK [1][-]{appendix.A}{\376\377\000A\000p\000p\000e\000n\000d\000i\000x}{}% 19
\BOOKMARK [2][-]{subsection.A.1}{\376\377\000D\000i\000s\000c\000u\000s\000s\000i\000o\000n\000\040\000o\000n\000\040\000A\000s\000s\000u\000m\000p\000t\000i\000o\000n\000s\000\040\0001\000,\000\040\0002\000\040\000a\000n\000d\000\040\0003}{appendix.A}% 20
\BOOKMARK [2][-]{subsection.A.2}{\376\377\000P\000r\000e\000l\000i\000m\000i\000n\000a\000r\000i\000e\000s\000\040\000o\000n\000\040\000O\000n\000l\000i\000n\000e\000\040\000C\000o\000n\000v\000e\000x\000\040\000O\000p\000t\000i\000m\000i\000z\000a\000t\000i\000o\000n\000\040\000\050\000O\000C\000O\000\051}{appendix.A}% 21
\BOOKMARK [2][-]{subsection.A.3}{\376\377\000O\000n\000l\000i\000n\000e\000\040\000M\000u\000l\000t\000i\000-\000t\000a\000s\000k\000\040\000L\000e\000a\000r\000n\000i\000n\000g\000\040\000a\000s\000\040\000a\000n\000\040\000I\000n\000s\000t\000a\000n\000c\000e\000\040\000o\000f\000\040\000t\000h\000e\000\040\000O\000C\000S\000\040\000\040\000P\000r\000o\000b\000l\000e\000m}{appendix.A}% 22
\BOOKMARK [2][-]{subsection.A.4}{\376\377\000P\000r\000o\000o\000f\000\040\000o\000f\000\040\000T\000h\000e\000o\000r\000e\000m\000\040\0003}{appendix.A}% 23
\BOOKMARK [2][-]{subsection.A.5}{\376\377\000C\000o\000m\000p\000a\000r\000i\000s\000o\000n\000\040\000w\000i\000t\000h\000\040\000P\000r\000e\000v\000i\000o\000u\000s\000\040\000W\000o\000r\000k\000s}{appendix.A}% 24
\BOOKMARK [3][-]{subsubsection.A.5.1}{\376\377\000\040\000n\000e\000e\000l\000y\0002\0000\0001\0007\000o\000n\000l\000i\000n\000e\000,\000\040\000y\000u\0002\0000\0001\0007\000o\000n\000l\000i\000n\000e\000\040\000a\000n\000d\000\040\000g\000e\000o\000r\000g\000i\000o\000s\000-\000c\000a\000u\000t\000i\000o\000u\000s}{subsection.A.5}% 25
\BOOKMARK [3][-]{subsubsection.A.5.2}{\376\377\000\040\000g\000u\000o\0002\0000\0002\0002\000o\000n\000l\000i\000n\000e}{subsection.A.5}% 26
\BOOKMARK [3][-]{subsubsection.A.5.3}{\376\377\000j\000e\000n\000a\000t\000t\000o\000n\0002\0000\0001\0006\000a\000d\000a\000p\000t\000i\000v\000e}{subsection.A.5}% 27
\BOOKMARK [2][-]{subsection.A.6}{\376\377\000P\000r\000o\000o\000f\000\040\000o\000f\000\040\000T\000h\000e\000o\000r\000e\000m\000\040\0002}{appendix.A}% 28
\BOOKMARK [2][-]{subsection.A.7}{\376\377\000A\000d\000v\000e\000r\000s\000a\000r\000i\000e\000s\000\040\000E\000n\000s\000u\000r\000i\000n\000g\000\040\000N\000o\000n\000-\000n\000e\000g\000a\000t\000i\000v\000e\000\040\000R\000e\000g\000r\000e\000t}{appendix.A}% 29
\BOOKMARK [2][-]{subsection.A.8}{\376\377\000C\000o\000n\000n\000e\000c\000t\000i\000o\000n\000\040\000B\000e\000t\000w\000e\000e\000n\000\040\000O\000C\000S\000\040\000a\000n\000d\000\040\000t\000h\000e\000\040\000C\000o\000n\000v\000e\000x\000\040\000B\000o\000d\000y\000\040\000C\000h\000a\000s\000i\000n\000g\000\040\000P\000r\000o\000b\000l\000e\000m}{appendix.A}% 30
\BOOKMARK [2][-]{subsection.A.9}{\376\377\000P\000r\000o\000o\000f\000\040\000o\000f\000\040\000T\000h\000e\000o\000r\000e\000m\000\040\0004}{appendix.A}% 31
\BOOKMARK [3][-]{subsubsection.A.9.1}{\376\377\000C\000C\000V\000\040\000B\000o\000u\000n\000d}{subsection.A.9}% 32
\BOOKMARK [2][-]{subsection.A.10}{\376\377\000P\000r\000o\000o\000f\000\040\000o\000f\000\040\000T\000h\000e\000o\000r\000e\000m\000\040\0005}{appendix.A}% 33
