\BOOKMARK [1][-]{section.1}{Introduction}{}% 1
\BOOKMARK [2][-]{subsection.1.1}{Related Work}{section.1}% 2
\BOOKMARK [2][-]{subsection.1.2}{Our contributions}{section.1}% 3
\BOOKMARK [1][-]{section.2}{The Constrained OCO \(COCO\) Problem}{}% 4
\BOOKMARK [2][-]{subsection.2.1}{Assumptions}{section.2}% 5
\BOOKMARK [2][-]{subsection.2.2}{Online Policy for COCO}{section.2}% 6
\BOOKMARK [2][-]{subsection.2.3}{Design and Analysis of the Algorithm}{section.2}% 7
\BOOKMARK [3][-]{subsubsection.2.3.1}{Surrogate cost functions}{subsection.2.3}% 8
\BOOKMARK [3][-]{subsubsection.2.3.2}{The Regret Decomposition Inequality}{subsection.2.3}% 9
\BOOKMARK [3][-]{subsubsection.2.3.3}{Convex cost and convex constraint functions}{subsection.2.3}% 10
\BOOKMARK [3][-]{subsubsection.2.3.4}{Strongly convex cost and convex constraint functions}{subsection.2.3}% 11
\BOOKMARK [2][-]{subsection.2.4}{Lower bounds}{section.2}% 12
\BOOKMARK [1][-]{section.3}{The Online Constraint Satisfaction Problem \(OCS\)}{}% 13
\BOOKMARK [2][-]{subsection.3.1}{Designing an OCS Policy with a Quadratic Lyapunov function}{section.3}% 14
\BOOKMARK [2][-]{subsection.3.2}{CCV bounds for Algorithm 2}{section.3}% 15
\BOOKMARK [1][-]{section.4}{Experiments}{}% 16
\BOOKMARK [1][-]{section.5}{Conclusion}{}% 17
\BOOKMARK [1][-]{section.6}{Acknowledgement}{}% 18
\BOOKMARK [1][-]{appendix.A}{Appendix}{}% 19
\BOOKMARK [2][-]{subsection.A.1}{Discussion on Assumptions 1, 2 and 3}{appendix.A}% 20
\BOOKMARK [2][-]{subsection.A.2}{Preliminaries on Online Convex Optimization \(OCO\)}{appendix.A}% 21
\BOOKMARK [2][-]{subsection.A.3}{Online Multi-task Learning as an Instance of the OCS \040Problem}{appendix.A}% 22
\BOOKMARK [2][-]{subsection.A.4}{Proof of Theorem 3}{appendix.A}% 23
\BOOKMARK [2][-]{subsection.A.5}{Comparison with Previous Works}{appendix.A}% 24
\BOOKMARK [3][-]{subsubsection.A.5.1}{ neely2017online, yu2017online and georgios-cautious}{subsection.A.5}% 25
\BOOKMARK [3][-]{subsubsection.A.5.2}{ guo2022online}{subsection.A.5}% 26
\BOOKMARK [3][-]{subsubsection.A.5.3}{jenatton2016adaptive}{subsection.A.5}% 27
\BOOKMARK [2][-]{subsection.A.6}{Proof of Theorem 2}{appendix.A}% 28
\BOOKMARK [2][-]{subsection.A.7}{Adversaries Ensuring Non-negative Regret}{appendix.A}% 29
\BOOKMARK [2][-]{subsection.A.8}{Connection between OCS and the Convex Body Chasing Problem}{appendix.A}% 30
\BOOKMARK [2][-]{subsection.A.9}{Proof of Theorem 4}{appendix.A}% 31
\BOOKMARK [3][-]{subsubsection.A.9.1}{CCV bound}{subsection.A.9}% 32
\BOOKMARK [2][-]{subsection.A.10}{Proof of Theorem 5}{appendix.A}% 33
