\BOOKMARK [1][-]{section.1}{Introduction}{}% 1
\BOOKMARK [2][-]{subsection.1.1}{Related Work}{section.1}% 2
\BOOKMARK [2][-]{subsection.1.2}{Our contributions}{section.1}% 3
\BOOKMARK [1][-]{section.2}{The Constrained OCO \(COCO\) Problem}{}% 4
\BOOKMARK [2][-]{subsection.2.1}{Assumptions}{section.2}% 5
\BOOKMARK [2][-]{subsection.2.2}{Online Policy for COCO}{section.2}% 6
\BOOKMARK [2][-]{subsection.2.3}{Design and Analysis of the Algorithm}{section.2}% 7
\BOOKMARK [3][-]{subsubsection.2.3.1}{Surrogate cost functions}{subsection.2.3}% 8
\BOOKMARK [3][-]{subsubsection.2.3.2}{The Regret Decomposition Inequality}{subsection.2.3}% 9
\BOOKMARK [3][-]{subsubsection.2.3.3}{Convex cost and Convex constraint functions}{subsection.2.3}% 10
\BOOKMARK [3][-]{subsubsection.2.3.4}{Analysis for Algorithm 1}{subsection.2.3}% 11
\BOOKMARK [3][-]{subsubsection.2.3.5}{Strongly Convex Cost and Convex Constraint Functions}{subsection.2.3}% 12
\BOOKMARK [2][-]{subsection.2.4}{Lower bounds}{section.2}% 13
\BOOKMARK [1][-]{section.3}{The Online Constraint Satisfaction Problem \(OCS\)}{}% 14
\BOOKMARK [2][-]{subsection.3.1}{Designing an OCS Policy with a Quadratic Lyapunov function}{section.3}% 15
\BOOKMARK [2][-]{subsection.3.2}{CCV bounds for Algorithm 2}{section.3}% 16
\BOOKMARK [1][-]{section.4}{Conclusion}{}% 17
\BOOKMARK [1][-]{appendix.A}{Appendix}{}% 18
\BOOKMARK [2][-]{subsection.A.1}{Discussion on Assumptions 1, 2 and 3}{appendix.A}% 19
\BOOKMARK [2][-]{subsection.A.2}{Preliminaries on Online Convex Optimization \(OCO\)}{appendix.A}% 20
\BOOKMARK [2][-]{subsection.A.3}{Online Multi-task learning as an instance of the OCS \040problem}{appendix.A}% 21
\BOOKMARK [2][-]{subsection.A.4}{Proof of Theorem 3}{appendix.A}% 22
\BOOKMARK [2][-]{subsection.A.5}{Comments on OCO Meta-policy}{appendix.A}% 23
\BOOKMARK [2][-]{subsection.A.6}{Comparison with Previous Policies}{appendix.A}% 24
\BOOKMARK [3][-]{subsubsection.A.6.1}{ neely2017online, yu2017online and georgios-cautious}{subsection.A.6}% 25
\BOOKMARK [3][-]{subsubsection.A.6.2}{ guo2022online}{subsection.A.6}% 26
\BOOKMARK [3][-]{subsubsection.A.6.3}{jenatton2016adaptive}{subsection.A.6}% 27
\BOOKMARK [2][-]{subsection.A.7}{Proof of Theorem 2}{appendix.A}% 28
\BOOKMARK [2][-]{subsection.A.8}{Connection between OCS and the Convex Body Chasing Problem}{appendix.A}% 29
\BOOKMARK [2][-]{subsection.A.9}{Proof of Theorem 4}{appendix.A}% 30
\BOOKMARK [3][-]{subsubsection.A.9.1}{CCV bound}{subsection.A.9}% 31
\BOOKMARK [2][-]{subsection.A.10}{Proof of Theorem 5}{appendix.A}% 32
