# Process Log for YQChen Literature Analysis

## Date: 2025-01-11

### Task Overview
Analyze PDFs in literature/YQChen folder and generate reports similar to writing/activity 1.2 analyze macro-level structure format.

### Steps Completed

#### 1. Initial Setup
- Reviewed retrieveAnalyze.md instructions
- Checked sample reports (KellerInsights.md and visualSample.html) to understand format
- Identified 2 PDF files to process:
  - Effective Community Search for Large Attributed Graphs.pdf
  - Top-K_Representative_Search_for_Comparative_Tree_Summarization.pdf

#### 2. PDF to MD Conversion (2025-01-11 21:36)
- Created convert_pdf_to_md.py script based on YJYin/convert_pdf_to_md.py
- Successfully converted both PDFs to Markdown format:
  - ✓ Top-K_Representative_Search_for_Comparative_Tree_Summarization.pdf → Top-K_Representative_Search_for_Comparative_Tree_Summarization.md (33K)
  - ✓ Effective Community Search for Large Attributed Graphs.pdf → Effective Community Search for Large Attributed Graphs.md (92K)

#### 3. HTML Version Search
- Attempted to search for HTML versions online via web search
- HTML versions not readily available from initial search
- Proceeded with MD conversion as instructed ("if html not available turn them into md file")

#### 4. Analysis Report Generation
- Status: IN PROGRESS
- Next: Generate detailed analysis reports similar to KellerInsights.md format for both papers

### Files Created
- convert_pdf_to_md.py (conversion script)
- Top-K_Representative_Search_for_Comparative_Tree_Summarization.md
- Effective Community Search for Large Attributed Graphs.md
- process.log (this file)

### Notes
- Both papers converted successfully
- Ready for detailed structural analysis
- Analysis should follow CARS model (Creating a Research Space) and IMRaD structure patterns
- Reports should include excerpts from original papers as requested
